# JRE version: Java(TM) SE Runtime Environment (23.0.1+11) (build 23.0.1+11-39)
# Java VM: Java HotSpot(TM) 64-Bit Server VM (23.0.1+11-39, mixed mode, sharing, tiered, compressed oops, compressed class ptrs, g1 gc, windows-amd64)
GC Precious Log:
 CardTable entry size: 512
 Card Set container configuration: InlinePtr #cards 4 size 8 Array Of Cards #cards 16 size 48 Howl #buckets 8 coarsen threshold 3686 Howl Bitmap #cards 512 size 80 coarsen threshold 460 Card regions per heap region 1 cards per card region 4096
 CPUs: 4 total, 4 available
 Memory: 11947M
 Large Page Support: Disabled
 NUMA Support: Disabled
 Compressed Oops: Enabled (Zero based)
 Heap Region Size: 2M
 Heap Min Capacity: 8M
 Heap Initial Capacity: 188M
 Heap Max Capacity: 2988M
 Pre-touch: Disabled
 Parallel Workers: 4
 Concurrent Workers: 1
 Concurrent Refinement Workers: 4
 Periodic GC: Disabled
Heap:
 garbage-first heap   total reserved 3059712K, committed 61440K, used 22575K [0x0000000745400000, 0x0000000800000000)
  region size 2048K, 4 young (8192K), 1 survivors (2048K)
 Metaspace       used 24609K, committed 24896K, reserved 1114112K
  class space    used 2739K, committed 2880K, reserved 1048576K
GC Heap History (18 events):
Event: 3.020 GC heap before
{Heap before GC invocations=0 (full 0):
 garbage-first heap   total reserved 3059712K, committed 192512K, used 12288K [0x0000000745400000, 0x0000000800000000)
  region size 2048K, 7 young (14336K), 0 survivors (0K)
 Metaspace       used 10421K, committed 10688K, reserved 1114112K
  class space    used 1212K, committed 1344K, reserved 1048576K
}
Event: 3.026 GC heap after
{Heap after GC invocations=1 (full 0):
 garbage-first heap   total reserved 3059712K, committed 192512K, used 5802K [0x0000000745400000, 0x0000000800000000)
  region size 2048K, 1 young (2048K), 1 survivors (2048K)
 Metaspace       used 10421K, committed 10688K, reserved 1114112K
  class space    used 1212K, committed 1344K, reserved 1048576K
}
Event: 12.799 GC heap before
{Heap before GC invocations=1 (full 0):
 garbage-first heap   total reserved 3059712K, committed 192512K, used 28330K [0x0000000745400000, 0x0000000800000000)
  region size 2048K, 6 young (12288K), 1 survivors (2048K)
 Metaspace       used 15058K, committed 15360K, reserved 1114112K
  class space    used 1778K, committed 1920K, reserved 1048576K
}
Event: 12.803 GC heap after
{Heap after GC invocations=2 (full 0):
 garbage-first heap   total reserved 3059712K, committed 192512K, used 20136K [0x0000000745400000, 0x0000000800000000)
  region size 2048K, 1 young (2048K), 1 survivors (2048K)
 Metaspace       used 15058K, committed 15360K, reserved 1114112K
  class space    used 1778K, committed 1920K, reserved 1048576K
}
Event: 17.909 GC heap before
{Heap before GC invocations=2 (full 0):
 garbage-first heap   total reserved 3059712K, committed 192512K, used 30376K [0x0000000745400000, 0x0000000800000000)
  region size 2048K, 8 young (16384K), 1 survivors (2048K)
 Metaspace       used 21328K, committed 21504K, reserved 1114112K
  class space    used 2503K, committed 2560K, reserved 1048576K
}
Event: 17.922 GC heap after
{Heap after GC invocations=3 (full 0):
 garbage-first heap   total reserved 3059712K, committed 192512K, used 18390K [0x0000000745400000, 0x0000000800000000)
  region size 2048K, 2 young (4096K), 2 survivors (4096K)
 Metaspace       used 21328K, committed 21504K, reserved 1114112K
  class space    used 2503K, committed 2560K, reserved 1048576K
}
Event: 111.540 GC heap before
{Heap before GC invocations=4 (full 0):
 garbage-first heap   total reserved 3059712K, committed 61440K, used 51158K [0x0000000745400000, 0x0000000800000000)
  region size 2048K, 18 young (36864K), 2 survivors (4096K)
 Metaspace       used 24275K, committed 24512K, reserved 1114112K
  class space    used 2736K, committed 2816K, reserved 1048576K
}
Event: 111.554 GC heap after
{Heap after GC invocations=5 (full 0):
 garbage-first heap   total reserved 3059712K, committed 61440K, used 19861K [0x0000000745400000, 0x0000000800000000)
  region size 2048K, 2 young (4096K), 2 survivors (4096K)
 Metaspace       used 24275K, committed 24512K, reserved 1114112K
  class space    used 2736K, committed 2816K, reserved 1048576K
}
Event: 169.939 GC heap before
{Heap before GC invocations=5 (full 0):
 garbage-first heap   total reserved 3059712K, committed 61440K, used 42389K [0x0000000745400000, 0x0000000800000000)
  region size 2048K, 13 young (26624K), 2 survivors (4096K)
 Metaspace       used 24543K, committed 24768K, reserved 1114112K
  class space    used 2738K, committed 2816K, reserved 1048576K
}
Event: 169.953 GC heap after
{Heap after GC invocations=6 (full 0):
 garbage-first heap   total reserved 3059712K, committed 61440K, used 19606K [0x0000000745400000, 0x0000000800000000)
  region size 2048K, 1 young (2048K), 1 survivors (2048K)
 Metaspace       used 24543K, committed 24768K, reserved 1114112K
  class space    used 2738K, committed 2816K, reserved 1048576K
}
Event: 2204.135 GC heap before
{Heap before GC invocations=6 (full 0):
 garbage-first heap   total reserved 3059712K, committed 61440K, used 44182K [0x0000000745400000, 0x0000000800000000)
  region size 2048K, 13 young (26624K), 1 survivors (2048K)
 Metaspace       used 24572K, committed 24768K, reserved 1114112K
  class space    used 2738K, committed 2816K, reserved 1048576K
}
Event: 2204.139 GC heap after
{Heap after GC invocations=7 (full 0):
 garbage-first heap   total reserved 3059712K, committed 61440K, used 18916K [0x0000000745400000, 0x0000000800000000)
  region size 2048K, 1 young (2048K), 1 survivors (2048K)
 Metaspace       used 24572K, committed 24768K, reserved 1114112K
  class space    used 2738K, committed 2816K, reserved 1048576K
}
Event: 4500.889 GC heap before
{Heap before GC invocations=7 (full 0):
 garbage-first heap   total reserved 3059712K, committed 61440K, used 45540K [0x0000000745400000, 0x0000000800000000)
  region size 2048K, 14 young (28672K), 1 survivors (2048K)
 Metaspace       used 24577K, committed 24832K, reserved 1114112K
  class space    used 2738K, committed 2816K, reserved 1048576K
}
Event: 4500.893 GC heap after
{Heap after GC invocations=8 (full 0):
 garbage-first heap   total reserved 3059712K, committed 61440K, used 18835K [0x0000000745400000, 0x0000000800000000)
  region size 2048K, 1 young (2048K), 1 survivors (2048K)
 Metaspace       used 24577K, committed 24832K, reserved 1114112K
  class space    used 2738K, committed 2816K, reserved 1048576K
}
Event: 6973.838 GC heap before
{Heap before GC invocations=8 (full 0):
 garbage-first heap   total reserved 3059712K, committed 61440K, used 47507K [0x0000000745400000, 0x0000000800000000)
  region size 2048K, 15 young (30720K), 1 survivors (2048K)
 Metaspace       used 24577K, committed 24832K, reserved 1114112K
  class space    used 2738K, committed 2816K, reserved 1048576K
}
Event: 6973.841 GC heap after
{Heap after GC invocations=9 (full 0):
 garbage-first heap   total reserved 3059712K, committed 61440K, used 18523K [0x0000000745400000, 0x0000000800000000)
  region size 2048K, 1 young (2048K), 1 survivors (2048K)
 Metaspace       used 24577K, committed 24832K, reserved 1114112K
  class space    used 2738K, committed 2816K, reserved 1048576K
}
Event: 9621.991 GC heap before
{Heap before GC invocations=9 (full 0):
 garbage-first heap   total reserved 3059712K, committed 61440K, used 49243K [0x0000000745400000, 0x0000000800000000)
  region size 2048K, 16 young (32768K), 1 survivors (2048K)
 Metaspace       used 24581K, committed 24896K, reserved 1114112K
  class space    used 2738K, committed 2880K, reserved 1048576K
}
Event: 9621.996 GC heap after
{Heap after GC invocations=10 (full 0):
 garbage-first heap   total reserved 3059712K, committed 61440K, used 18479K [0x0000000745400000, 0x0000000800000000)
  region size 2048K, 1 young (2048K), 1 survivors (2048K)
 Metaspace       used 24581K, committed 24896K, reserved 1114112K
  class space    used 2738K, committed 2880K, reserved 1048576K
}

